2021-04-22 09:30:08 INFO  Log:11 - =====================================loginTest TEST START=========================================
2021-04-22 09:30:08 INFO  Log:22 - User is going to click on SignIn
2021-04-22 09:30:11 INFO  Log:22 - Enter Username and Password
2021-04-22 09:30:13 INFO  Log:22 - Verify if user is able to login
2021-04-22 09:30:13 INFO  Log:22 - Login is success
2021-04-22 09:30:13 INFO  Log:15 - =====================================loginTest TEST END=========================================
2021-04-22 09:35:30 INFO  Log:11 - =====================================loginTest TEST START=========================================
2021-04-22 09:35:30 INFO  Log:22 - User is going to click on SignIn
2021-04-22 09:35:32 INFO  Log:22 - Enter Username and Password
2021-04-22 09:35:44 INFO  Log:22 - Verify if user is able to login
2021-04-22 09:35:44 INFO  Log:22 - Login is success
2021-04-22 09:35:44 INFO  Log:15 - =====================================loginTest TEST END=========================================
2021-04-22 11:17:25 INFO  Log:11 - =====================================loginTest TEST START=========================================
2021-04-22 11:17:25 INFO  Log:22 - User is going to click on SignIn
2021-04-22 11:17:27 INFO  Log:22 - Enter Username and Password
2021-04-22 11:17:39 INFO  Log:22 - Verify if user is able to login
2021-04-22 11:17:39 INFO  Log:22 - Login is success
2021-04-22 11:17:39 INFO  Log:15 - =====================================loginTest TEST END=========================================
2021-04-23 09:12:49 INFO  Log:11 - =====================================loginTest TEST START=========================================
2021-04-23 09:12:49 INFO  Log:22 - User is going to click on SignIn
2021-04-23 09:12:53 INFO  Log:22 - Enter Username and Password
2021-04-23 09:13:07 INFO  Log:22 - Verify if user is able to login
2021-04-23 09:13:07 INFO  Log:22 - Login is success
2021-04-23 09:13:07 INFO  Log:15 - =====================================loginTest TEST END=========================================
2021-04-23 09:15:03 INFO  Log:11 - =====================================loginTest TEST START=========================================
2021-04-23 09:15:03 INFO  Log:22 - User is going to click on SignIn
2021-04-23 09:15:06 INFO  Log:22 - Enter Username and Password
2021-04-23 09:15:20 INFO  Log:22 - Verify if user is able to login
2021-04-23 09:15:20 INFO  Log:22 - Login is success
2021-04-23 09:15:20 INFO  Log:15 - =====================================loginTest TEST END=========================================
2021-04-23 09:15:30 INFO  Log:11 - =====================================loginTest TEST START=========================================
2021-04-23 09:15:30 INFO  Log:22 - User is going to click on SignIn
2021-04-23 09:15:32 INFO  Log:22 - Enter Username and Password
2021-04-23 09:15:35 INFO  Log:22 - Verify if user is able to login
2021-04-23 12:59:32 INFO  Log:11 - =====================================loginTest TEST START=========================================
2021-04-23 12:59:32 INFO  Log:22 - User is going to click on SignIn
2021-04-23 12:59:35 INFO  Log:22 - Enter Username and Password
2021-04-23 12:59:47 INFO  Log:22 - Verify if user is able to login
2021-04-23 12:59:47 INFO  Log:22 - Login is success
2021-04-23 12:59:48 INFO  Log:15 - =====================================loginTest TEST END=========================================
2021-04-23 12:59:57 INFO  Log:11 - =====================================loginTest TEST START=========================================
2021-04-23 12:59:57 INFO  Log:22 - User is going to click on SignIn
2021-04-23 13:00:03 INFO  Log:22 - Enter Username and Password
2021-04-23 13:00:08 INFO  Log:22 - Verify if user is able to login
2021-04-23 13:01:55 INFO  Log:11 - =====================================loginTest TEST START=========================================
2021-04-23 13:01:56 INFO  Log:22 - User is going to click on SignIn
2021-04-23 13:01:58 INFO  Log:22 - Enter Username and Password
2021-04-23 13:02:12 INFO  Log:22 - Verify if user is able to login
2021-04-23 13:02:12 INFO  Log:22 - Login is success
2021-04-23 13:02:12 INFO  Log:15 - =====================================loginTest TEST END=========================================
2021-04-23 13:02:21 INFO  Log:11 - =====================================loginTest TEST START=========================================
2021-04-23 13:02:21 INFO  Log:22 - User is going to click on SignIn
2021-04-23 13:02:25 INFO  Log:22 - Enter Username and Password
2021-04-23 13:02:28 INFO  Log:22 - Verify if user is able to login
2021-04-23 13:08:17 INFO  Log:11 - =====================================loginTest TEST START=========================================
2021-04-23 13:08:17 INFO  Log:22 - User is going to click on SignIn
2021-04-23 13:08:20 INFO  Log:22 - Enter Username and Password
2021-04-23 13:08:33 INFO  Log:22 - Verify if user is able to login
2021-04-23 13:08:33 INFO  Log:22 - Login is success
2021-04-23 13:08:33 INFO  Log:15 - =====================================loginTest TEST END=========================================
2021-04-23 13:09:30 INFO  Log:11 - =====================================loginTest TEST START=========================================
2021-04-23 13:09:30 INFO  Log:22 - User is going to click on SignIn
2021-04-23 13:09:33 INFO  Log:22 - Enter Username and Password
2021-04-23 13:09:46 INFO  Log:22 - Verify if user is able to login
2021-04-23 13:09:46 INFO  Log:22 - Login is success
2021-04-23 13:09:46 INFO  Log:15 - =====================================loginTest TEST END=========================================
2021-04-25 15:56:19 INFO  Log:11 - =====================================loginTest TEST START=========================================
2021-04-25 15:56:19 INFO  Log:22 - User is going to click on SignIn
2021-04-25 15:56:23 INFO  Log:22 - Enter Username and Password
2021-04-25 15:56:35 INFO  Log:22 - Verify if user is able to login
2021-04-25 15:56:35 INFO  Log:22 - Login is success
2021-04-25 15:56:36 INFO  Log:15 - =====================================loginTest TEST END=========================================
2021-04-26 09:56:15 INFO  Log:11 - =====================================loginTest TEST START=========================================
2021-04-26 09:56:15 INFO  Log:22 - User is going to click on SignIn
2021-04-26 09:56:19 INFO  Log:22 - Enter Username and Password
2021-04-26 09:56:32 INFO  Log:22 - Verify if user is able to login
2021-04-26 09:56:32 INFO  Log:22 - Login is success
2021-04-26 09:56:32 INFO  Log:15 - =====================================loginTest TEST END=========================================
2021-04-26 11:44:12 INFO  Log:11 - =====================================loginTest TEST START=========================================
2021-04-26 11:44:12 INFO  Log:22 - User is going to click on SignIn
2021-04-26 11:44:15 INFO  Log:22 - Enter Username and Password
2021-04-26 11:44:28 INFO  Log:22 - Verify if user is able to login
2021-04-26 11:44:28 INFO  Log:22 - Login is success
2021-04-26 11:44:28 INFO  Log:15 - =====================================loginTest TEST END=========================================
2021-04-26 12:26:58 INFO  Log:11 - =====================================loginTest TEST START=========================================
2021-04-26 12:26:58 INFO  Log:22 - User is going to click on SignIn
2021-04-26 12:27:01 INFO  Log:22 - Enter Username and Password
2021-04-26 12:27:14 INFO  Log:22 - Verify if user is able to login
2021-04-26 12:27:14 INFO  Log:22 - Login is success
2021-04-26 12:27:14 INFO  Log:15 - =====================================loginTest TEST END=========================================
2021-04-26 12:31:56 INFO  Log:11 - =====================================loginTest TEST START=========================================
2021-04-26 12:31:56 INFO  Log:22 - User is going to click on SignIn
2021-04-26 12:31:58 INFO  Log:22 - Enter Username and Password
2021-04-26 12:32:12 INFO  Log:22 - Verify if user is able to login
2021-04-26 12:32:12 INFO  Log:22 - Login is success
2021-04-26 12:32:12 INFO  Log:15 - =====================================loginTest TEST END=========================================
2021-05-03 09:23:01 INFO  Log:11 - =====================================loginTest TEST START=========================================
2021-05-03 09:23:01 INFO  Log:22 - User is going to click on SignIn
2021-05-03 09:23:03 INFO  Log:22 - Enter Username and Password
2021-05-03 09:23:17 INFO  Log:22 - Verify if user is able to login
2021-05-03 09:23:17 INFO  Log:22 - Login is success
2021-05-03 09:23:17 INFO  Log:15 - =====================================loginTest TEST END=========================================
2021-05-04 08:27:31 INFO  Log:11 - =====================================loginTest TEST START=========================================
2021-05-04 08:27:31 INFO  Log:22 - User is going to click on SignIn
2021-05-04 08:27:35 INFO  Log:22 - Enter Username and Password
2021-05-04 08:27:48 INFO  Log:22 - Verify if user is able to login
2021-05-04 08:27:48 INFO  Log:22 - Login is success
2021-05-04 08:27:48 INFO  Log:15 - =====================================loginTest TEST END=========================================
2021-05-04 08:28:00 DEBUG cache:45 - Couldn't find template in cache for "v3html/v3-html-index.ftl"("en", UTF-8, parsed); will try to load it.
2021-05-04 08:28:00 DEBUG cache:45 - TemplateLoader.findTemplateSource("v3html/v3-html-index_en.ftl"): Not found
2021-05-04 08:28:00 DEBUG cache:45 - TemplateLoader.findTemplateSource("v3html/v3-html-index.ftl"): Found
2021-05-04 08:28:00 DEBUG cache:45 - Loading template for "v3html/v3-html-index.ftl"("en", UTF-8, parsed) from "jar:file:/C:/Users/jerome.gabat/.m2/repository/com/aventstack/extentreports/4.0.9/extentreports-4.0.9.jar!/com/aventstack/extentreports/view/v3html/v3-html-index.ftl"
2021-05-04 08:28:01 DEBUG cache:45 - Couldn't find template in cache for "v3html/v3-html-head.ftl"("en", UTF-8, parsed); will try to load it.
2021-05-04 08:28:01 DEBUG cache:45 - TemplateLoader.findTemplateSource("v3html/v3-html-head_en.ftl"): Not found
2021-05-04 08:28:01 DEBUG cache:45 - TemplateLoader.findTemplateSource("v3html/v3-html-head.ftl"): Found
2021-05-04 08:28:01 DEBUG cache:45 - Loading template for "v3html/v3-html-head.ftl"("en", UTF-8, parsed) from "jar:file:/C:/Users/jerome.gabat/.m2/repository/com/aventstack/extentreports/4.0.9/extentreports-4.0.9.jar!/com/aventstack/extentreports/view/v3html/v3-html-head.ftl"
2021-05-04 08:28:01 DEBUG cache:45 - Couldn't find template in cache for "v3html/v3-html-nav.ftl"("en", UTF-8, parsed); will try to load it.
2021-05-04 08:28:01 DEBUG cache:45 - TemplateLoader.findTemplateSource("v3html/v3-html-nav_en.ftl"): Not found
2021-05-04 08:28:01 DEBUG cache:45 - TemplateLoader.findTemplateSource("v3html/v3-html-nav.ftl"): Found
2021-05-04 08:28:01 DEBUG cache:45 - Loading template for "v3html/v3-html-nav.ftl"("en", UTF-8, parsed) from "jar:file:/C:/Users/jerome.gabat/.m2/repository/com/aventstack/extentreports/4.0.9/extentreports-4.0.9.jar!/com/aventstack/extentreports/view/v3html/v3-html-nav.ftl"
2021-05-04 08:28:01 DEBUG cache:45 - Couldn't find template in cache for "v3html/test-view/v3-html-test-view.ftl"("en", UTF-8, parsed); will try to load it.
2021-05-04 08:28:01 DEBUG cache:45 - TemplateLoader.findTemplateSource("v3html/test-view/v3-html-test-view_en.ftl"): Not found
2021-05-04 08:28:01 DEBUG cache:45 - TemplateLoader.findTemplateSource("v3html/test-view/v3-html-test-view.ftl"): Found
2021-05-04 08:28:01 DEBUG cache:45 - Loading template for "v3html/test-view/v3-html-test-view.ftl"("en", UTF-8, parsed) from "jar:file:/C:/Users/jerome.gabat/.m2/repository/com/aventstack/extentreports/4.0.9/extentreports-4.0.9.jar!/com/aventstack/extentreports/view/v3html/test-view/v3-html-test-view.ftl"
2021-05-04 08:28:01 DEBUG cache:45 - Couldn't find template in cache for "v3html/test-view/v3-html-test-view-charts.ftl"("en", UTF-8, parsed); will try to load it.
2021-05-04 08:28:01 DEBUG cache:45 - TemplateLoader.findTemplateSource("v3html/test-view/v3-html-test-view-charts_en.ftl"): Not found
2021-05-04 08:28:01 DEBUG cache:45 - TemplateLoader.findTemplateSource("v3html/test-view/v3-html-test-view-charts.ftl"): Found
2021-05-04 08:28:01 DEBUG cache:45 - Loading template for "v3html/test-view/v3-html-test-view-charts.ftl"("en", UTF-8, parsed) from "jar:file:/C:/Users/jerome.gabat/.m2/repository/com/aventstack/extentreports/4.0.9/extentreports-4.0.9.jar!/com/aventstack/extentreports/view/v3html/test-view/v3-html-test-view-charts.ftl"
2021-05-04 08:28:01 DEBUG cache:45 - Couldn't find template in cache for "v3html/test-view/v3-html-standard.ftl"("en", UTF-8, parsed); will try to load it.
2021-05-04 08:28:01 DEBUG cache:45 - TemplateLoader.findTemplateSource("v3html/test-view/v3-html-standard_en.ftl"): Not found
2021-05-04 08:28:01 DEBUG cache:45 - TemplateLoader.findTemplateSource("v3html/test-view/v3-html-standard.ftl"): Found
2021-05-04 08:28:01 DEBUG cache:45 - Loading template for "v3html/test-view/v3-html-standard.ftl"("en", UTF-8, parsed) from "jar:file:/C:/Users/jerome.gabat/.m2/repository/com/aventstack/extentreports/4.0.9/extentreports-4.0.9.jar!/com/aventstack/extentreports/view/v3html/test-view/v3-html-standard.ftl"
2021-05-04 08:28:01 DEBUG cache:45 - "v3html/test-view/v3-html-standard.ftl"("en", UTF-8, parsed) cached copy not yet stale; using cached.
2021-05-04 08:28:01 DEBUG cache:45 - "v3html/test-view/v3-html-standard.ftl"("en", UTF-8, parsed) cached copy not yet stale; using cached.
2021-05-04 08:28:01 DEBUG cache:45 - "v3html/test-view/v3-html-standard.ftl"("en", UTF-8, parsed) cached copy not yet stale; using cached.
2021-05-04 08:28:01 DEBUG cache:45 - "v3html/test-view/v3-html-standard.ftl"("en", UTF-8, parsed) cached copy not yet stale; using cached.
2021-05-04 08:28:01 DEBUG cache:45 - "v3html/test-view/v3-html-standard.ftl"("en", UTF-8, parsed) cached copy not yet stale; using cached.
2021-05-04 08:28:01 DEBUG cache:45 - "v3html/test-view/v3-html-standard.ftl"("en", UTF-8, parsed) cached copy not yet stale; using cached.
2021-05-04 08:28:01 DEBUG cache:45 - "v3html/test-view/v3-html-standard.ftl"("en", UTF-8, parsed) cached copy not yet stale; using cached.
2021-05-04 08:28:01 DEBUG cache:45 - "v3html/test-view/v3-html-standard.ftl"("en", UTF-8, parsed) cached copy not yet stale; using cached.
2021-05-04 08:28:01 DEBUG cache:45 - "v3html/test-view/v3-html-standard.ftl"("en", UTF-8, parsed) cached copy not yet stale; using cached.
2021-05-04 08:28:01 DEBUG cache:45 - Couldn't find template in cache for "v3html/category-view/v3-html-category-view.ftl"("en", UTF-8, parsed); will try to load it.
2021-05-04 08:28:01 DEBUG cache:45 - TemplateLoader.findTemplateSource("v3html/category-view/v3-html-category-view_en.ftl"): Not found
2021-05-04 08:28:01 DEBUG cache:45 - TemplateLoader.findTemplateSource("v3html/category-view/v3-html-category-view.ftl"): Found
2021-05-04 08:28:01 DEBUG cache:45 - Loading template for "v3html/category-view/v3-html-category-view.ftl"("en", UTF-8, parsed) from "jar:file:/C:/Users/jerome.gabat/.m2/repository/com/aventstack/extentreports/4.0.9/extentreports-4.0.9.jar!/com/aventstack/extentreports/view/v3html/category-view/v3-html-category-view.ftl"
2021-05-04 08:28:01 DEBUG cache:45 - Couldn't find template in cache for "v3html/exception-view/v3-html-exception-view.ftl"("en", UTF-8, parsed); will try to load it.
2021-05-04 08:28:01 DEBUG cache:45 - TemplateLoader.findTemplateSource("v3html/exception-view/v3-html-exception-view_en.ftl"): Not found
2021-05-04 08:28:01 DEBUG cache:45 - TemplateLoader.findTemplateSource("v3html/exception-view/v3-html-exception-view.ftl"): Found
2021-05-04 08:28:01 DEBUG cache:45 - Loading template for "v3html/exception-view/v3-html-exception-view.ftl"("en", UTF-8, parsed) from "jar:file:/C:/Users/jerome.gabat/.m2/repository/com/aventstack/extentreports/4.0.9/extentreports-4.0.9.jar!/com/aventstack/extentreports/view/v3html/exception-view/v3-html-exception-view.ftl"
2021-05-04 08:28:01 DEBUG cache:45 - Couldn't find template in cache for "v3html/author-view/v3-html-author-view.ftl"("en", UTF-8, parsed); will try to load it.
2021-05-04 08:28:01 DEBUG cache:45 - TemplateLoader.findTemplateSource("v3html/author-view/v3-html-author-view_en.ftl"): Not found
2021-05-04 08:28:01 DEBUG cache:45 - TemplateLoader.findTemplateSource("v3html/author-view/v3-html-author-view.ftl"): Found
2021-05-04 08:28:01 DEBUG cache:45 - Loading template for "v3html/author-view/v3-html-author-view.ftl"("en", UTF-8, parsed) from "jar:file:/C:/Users/jerome.gabat/.m2/repository/com/aventstack/extentreports/4.0.9/extentreports-4.0.9.jar!/com/aventstack/extentreports/view/v3html/author-view/v3-html-author-view.ftl"
2021-05-04 08:28:01 DEBUG cache:45 - Couldn't find template in cache for "v3html/dashboard-view/v3-html-dashboard-view.ftl"("en", UTF-8, parsed); will try to load it.
2021-05-04 08:28:01 DEBUG cache:45 - TemplateLoader.findTemplateSource("v3html/dashboard-view/v3-html-dashboard-view_en.ftl"): Not found
2021-05-04 08:28:01 DEBUG cache:45 - TemplateLoader.findTemplateSource("v3html/dashboard-view/v3-html-dashboard-view.ftl"): Found
2021-05-04 08:28:01 DEBUG cache:45 - Loading template for "v3html/dashboard-view/v3-html-dashboard-view.ftl"("en", UTF-8, parsed) from "jar:file:/C:/Users/jerome.gabat/.m2/repository/com/aventstack/extentreports/4.0.9/extentreports-4.0.9.jar!/com/aventstack/extentreports/view/v3html/dashboard-view/v3-html-dashboard-view.ftl"
2021-05-04 08:28:01 DEBUG cache:45 - Couldn't find template in cache for "v3html/logs-view/v3-html-testrunner-logs-view.ftl"("en", UTF-8, parsed); will try to load it.
2021-05-04 08:28:01 DEBUG cache:45 - TemplateLoader.findTemplateSource("v3html/logs-view/v3-html-testrunner-logs-view_en.ftl"): Not found
2021-05-04 08:28:01 DEBUG cache:45 - TemplateLoader.findTemplateSource("v3html/logs-view/v3-html-testrunner-logs-view.ftl"): Found
2021-05-04 08:28:01 DEBUG cache:45 - Loading template for "v3html/logs-view/v3-html-testrunner-logs-view.ftl"("en", UTF-8, parsed) from "jar:file:/C:/Users/jerome.gabat/.m2/repository/com/aventstack/extentreports/4.0.9/extentreports-4.0.9.jar!/com/aventstack/extentreports/view/v3html/logs-view/v3-html-testrunner-logs-view.ftl"
